<?xml version="1.0" encoding="UTF-8"?>
<coverage generated="1699513267919" clover="3.2.0">
  <project timestamp="1699513267920" name="All files">
    <metrics statements="45" coveredstatements="38" conditionals="23" coveredconditionals="20" methods="8" coveredmethods="5" elements="76" coveredelements="63" complexity="0" loc="45" ncloc="45" packages="1" files="1" classes="1"/>
    <file name="patch_and_update_document_handler.ts" path="/home/merci4dev/Documents/patchAndUpdateDocumentHandler/src/patch_and_update_document_handler.ts">
      <metrics statements="45" coveredstatements="38" conditionals="23" coveredconditionals="20" methods="8" coveredmethods="5"/>
      <line num="37" count="1" type="stmt"/>
      <line num="39" count="14" type="stmt"/>
      <line num="40" count="18" type="stmt"/>
      <line num="43" count="18" type="stmt"/>
      <line num="46" count="18" type="stmt"/>
      <line num="47" count="32" type="stmt"/>
      <line num="48" count="32" type="stmt"/>
      <line num="51" count="32" type="cond" truecount="2" falsecount="0"/>
      <line num="52" count="8" type="stmt"/>
      <line num="53" count="8" type="stmt"/>
      <line num="56" count="8" type="cond" truecount="1" falsecount="0"/>
      <line num="57" count="3" type="cond" truecount="3" falsecount="0"/>
      <line num="58" count="3" type="stmt"/>
      <line num="59" count="3" type="stmt"/>
      <line num="61" count="0" type="stmt"/>
      <line num="62" count="0" type="stmt"/>
      <line num="66" count="5" type="cond" truecount="2" falsecount="0"/>
      <line num="68" count="4" type="stmt"/>
      <line num="71" count="3" type="cond" truecount="0" falsecount="1"/>
      <line num="72" count="0" type="cond" truecount="0" falsecount="1"/>
      <line num="73" count="0" type="stmt"/>
      <line num="74" count="0" type="stmt"/>
      <line num="76" count="0" type="stmt"/>
      <line num="80" count="3" type="cond" truecount="2" falsecount="0"/>
      <line num="83" count="2" type="cond" truecount="2" falsecount="0"/>
      <line num="84" count="1" type="stmt"/>
      <line num="87" count="1" type="stmt"/>
      <line num="91" count="1" type="stmt"/>
      <line num="95" count="2" type="cond" truecount="1" falsecount="1"/>
      <line num="96" count="2" type="stmt"/>
      <line num="98" count="0" type="stmt"/>
      <line num="103" count="24" type="cond" truecount="2" falsecount="0"/>
      <line num="104" count="11" type="cond" truecount="2" falsecount="0"/>
      <line num="105" count="3" type="stmt"/>
      <line num="107" count="8" type="stmt"/>
      <line num="111" count="13" type="cond" truecount="1" falsecount="0"/>
      <line num="112" count="2" type="stmt"/>
      <line num="115" count="13" type="stmt"/>
      <line num="121" count="14" type="stmt"/>
      <line num="123" count="14" type="stmt"/>
      <line num="127" count="1" type="stmt"/>
      <line num="138" count="1" type="stmt"/>
      <line num="156" count="1" type="stmt"/>
      <line num="192" count="1" type="stmt"/>
      <line num="201" count="14" type="cond" truecount="2" falsecount="0"/>
    </file>
  </project>
</coverage>
