<?xml version="1.0" encoding="UTF-8"?>
<coverage generated="1699901061562" clover="3.2.0">
  <project timestamp="1699901061562" name="All files">
    <metrics statements="43" coveredstatements="38" conditionals="27" coveredconditionals="23" methods="3" coveredmethods="3" elements="73" coveredelements="64" complexity="0" loc="43" ncloc="43" packages="1" files="1" classes="1"/>
    <file name="patch_and_update_document_handler.ts" path="/home/merci4dev/myCode/Test/patchAndUpdateDocumentHandler/src/patch_and_update_document_handler.ts">
      <metrics statements="43" coveredstatements="38" conditionals="27" coveredconditionals="23" methods="3" coveredmethods="3"/>
      <line num="37" count="1" type="stmt"/>
      <line num="39" count="16" type="stmt"/>
      <line num="40" count="20" type="stmt"/>
      <line num="43" count="20" type="stmt"/>
      <line num="46" count="20" type="stmt"/>
      <line num="47" count="33" type="stmt"/>
      <line num="48" count="33" type="stmt"/>
      <line num="51" count="33" type="cond" truecount="2" falsecount="0"/>
      <line num="52" count="10" type="stmt"/>
      <line num="53" count="10" type="stmt"/>
      <line num="56" count="10" type="cond" truecount="3" falsecount="0"/>
      <line num="57" count="4" type="stmt"/>
      <line num="61" count="10" type="cond" truecount="1" falsecount="0"/>
      <line num="62" count="1" type="cond" truecount="1" falsecount="1"/>
      <line num="63" count="1" type="stmt"/>
      <line num="64" count="1" type="stmt"/>
      <line num="66" count="0" type="stmt"/>
      <line num="67" count="0" type="stmt"/>
      <line num="72" count="9" type="cond" truecount="3" falsecount="1"/>
      <line num="75" count="9" type="cond" truecount="2" falsecount="0"/>
      <line num="77" count="8" type="cond" truecount="2" falsecount="0"/>
      <line num="78" count="1" type="cond" truecount="1" falsecount="0"/>
      <line num="81" count="7" type="cond" truecount="2" falsecount="0"/>
      <line num="83" count="7" type="cond" truecount="1" falsecount="1"/>
      <line num="84" count="7" type="stmt"/>
      <line num="86" count="0" type="stmt"/>
      <line num="90" count="1" type="cond" truecount="0" falsecount="1"/>
      <line num="91" count="0" type="stmt"/>
      <line num="92" count="0" type="stmt"/>
      <line num="94" count="1" type="stmt"/>
      <line num="98" count="23" type="cond" truecount="2" falsecount="0"/>
      <line num="100" count="11" type="cond" truecount="2" falsecount="0"/>
      <line num="101" count="3" type="stmt"/>
      <line num="103" count="8" type="stmt"/>
      <line num="107" count="12" type="cond" truecount="1" falsecount="0"/>
      <line num="108" count="2" type="stmt"/>
      <line num="110" count="12" type="stmt"/>
      <line num="117" count="16" type="stmt"/>
      <line num="122" count="1" type="stmt"/>
      <line num="133" count="1" type="stmt"/>
      <line num="144" count="1" type="stmt"/>
      <line num="150" count="1" type="stmt"/>
      <line num="154" count="1" type="stmt"/>
    </file>
  </project>
</coverage>
