{"/home/merci4dev/Documents/patchAndUpdateDocumentHandler/src/patch_and_update_document_handler.ts": {"path":"/home/merci4dev/Documents/patchAndUpdateDocumentHandler/src/patch_and_update_document_handler.ts","statementMap":{"0":{"start":{"line":37,"column":45},"end":{"line":124,"column":1}},"1":{"start":{"line":39,"column":2},"end":{"line":119,"column":5}},"2":{"start":{"line":40,"column":17},"end":{"line":40,"column":31}},"3":{"start":{"line":43,"column":27},"end":{"line":43,"column":35}},"4":{"start":{"line":46,"column":4},"end":{"line":118,"column":null}},"5":{"start":{"line":46,"column":17},"end":{"line":46,"column":18}},"6":{"start":{"line":47,"column":21},"end":{"line":47,"column":42}},"7":{"start":{"line":48,"column":20},"end":{"line":48,"column":52}},"8":{"start":{"line":51,"column":6},"end":{"line":117,"column":null}},"9":{"start":{"line":52,"column":26},"end":{"line":52,"column":34}},"10":{"start":{"line":53,"column":23},"end":{"line":53,"column":31}},"11":{"start":{"line":56,"column":8},"end":{"line":63,"column":null}},"12":{"start":{"line":57,"column":10},"end":{"line":60,"column":null}},"13":{"start":{"line":58,"column":12},"end":{"line":58,"column":51}},"14":{"start":{"line":59,"column":12},"end":{"line":59,"column":19}},"15":{"start":{"line":61,"column":10},"end":{"line":61,"column":57}},"16":{"start":{"line":62,"column":10},"end":{"line":62,"column":17}},"17":{"start":{"line":66,"column":8},"end":{"line":100,"column":null}},"18":{"start":{"line":68,"column":28},"end":{"line":68,"column":96}},"19":{"start":{"line":68,"column":76},"end":{"line":68,"column":95}},"20":{"start":{"line":71,"column":10},"end":{"line":77,"column":null}},"21":{"start":{"line":72,"column":12},"end":{"line":75,"column":null}},"22":{"start":{"line":73,"column":14},"end":{"line":73,"column":66}},"23":{"start":{"line":74,"column":14},"end":{"line":74,"column":21}},"24":{"start":{"line":76,"column":12},"end":{"line":76,"column":57}},"25":{"start":{"line":80,"column":10},"end":{"line":92,"column":null}},"26":{"start":{"line":83,"column":12},"end":{"line":88,"column":null}},"27":{"start":{"line":84,"column":14},"end":{"line":84,"column":58}},"28":{"start":{"line":87,"column":14},"end":{"line":87,"column":82}},"29":{"start":{"line":91,"column":12},"end":{"line":91,"column":60}},"30":{"start":{"line":95,"column":10},"end":{"line":99,"column":null}},"31":{"start":{"line":96,"column":12},"end":{"line":96,"column":53}},"32":{"start":{"line":98,"column":12},"end":{"line":98,"column":19}},"33":{"start":{"line":103,"column":8},"end":{"line":116,"column":null}},"34":{"start":{"line":104,"column":10},"end":{"line":108,"column":null}},"35":{"start":{"line":105,"column":12},"end":{"line":105,"column":40}},"36":{"start":{"line":107,"column":12},"end":{"line":107,"column":47}},"37":{"start":{"line":111,"column":10},"end":{"line":113,"column":null}},"38":{"start":{"line":112,"column":12},"end":{"line":112,"column":38}},"39":{"start":{"line":115,"column":10},"end":{"line":115,"column":45}},"40":{"start":{"line":121,"column":22},"end":{"line":121,"column":105}},"41":{"start":{"line":123,"column":2},"end":{"line":123,"column":18}},"42":{"start":{"line":37,"column":13},"end":{"line":37,"column":45}},"43":{"start":{"line":127,"column":33},"end":{"line":136,"column":2}},"44":{"start":{"line":138,"column":36},"end":{"line":154,"column":2}},"45":{"start":{"line":156,"column":36},"end":{"line":190,"column":2}},"46":{"start":{"line":192,"column":0},"end":{"line":192,"column":43}},"47":{"start":{"line":201,"column":38},"end":{"line":201,"column":37193}},"48":{"start":{"line":201,"column":42},"end":{"line":201,"column":37182}},"49":{"start":{"line":201,"column":37231},"end":{"line":201,"column":37271}},"50":{"start":{"line":201,"column":37235},"end":{"line":201,"column":37260}},"51":{"start":{"line":201,"column":37272},"end":{"line":201,"column":37281}},"52":{"start":{"line":201,"column":37282},"end":{"line":201,"column":37288}},"53":{"start":{"line":201,"column":37324},"end":{"line":201,"column":37366}},"54":{"start":{"line":201,"column":37328},"end":{"line":201,"column":37355}},"55":{"start":{"line":201,"column":37367},"end":{"line":201,"column":37376}},"56":{"start":{"line":201,"column":37377},"end":{"line":201,"column":37383}},"57":{"start":{"line":201,"column":37400},"end":{"line":201,"column":37437}},"58":{"start":{"line":201,"column":37404},"end":{"line":201,"column":37426}},"59":{"start":{"line":201,"column":37439},"end":{"line":201,"column":37445}},"60":{"start":{"line":201,"column":37462},"end":{"line":201,"column":37502}},"61":{"start":{"line":201,"column":37466},"end":{"line":201,"column":37491}},"62":{"start":{"line":201,"column":37504},"end":{"line":201,"column":37510}}},"fnMap":{"0":{"name":"(anonymous_0)","decl":{"start":{"line":37,"column":45},"end":{"line":37,"column":46}},"loc":{"start":{"line":37,"column":102},"end":{"line":124,"column":1}}},"1":{"name":"(anonymous_1)","decl":{"start":{"line":39,"column":30},"end":{"line":39,"column":31}},"loc":{"start":{"line":39,"column":38},"end":{"line":119,"column":3}}},"2":{"name":"(anonymous_2)","decl":{"start":{"line":68,"column":61},"end":{"line":68,"column":62}},"loc":{"start":{"line":68,"column":76},"end":{"line":68,"column":95}}},"3":{"name":"oo_cm","decl":{"start":{"line":201,"column":30},"end":{"line":201,"column":35}},"loc":{"start":{"line":201,"column":35},"end":{"line":201,"column":37194}}},"4":{"name":"oo_oo","decl":{"start":{"line":201,"column":37204},"end":{"line":201,"column":37209}},"loc":{"start":{"line":201,"column":37229},"end":{"line":201,"column":37281}}},"5":{"name":"oo_tr","decl":{"start":{"line":201,"column":37297},"end":{"line":201,"column":37302}},"loc":{"start":{"line":201,"column":37322},"end":{"line":201,"column":37376}}},"6":{"name":"oo_ts","decl":{"start":{"line":201,"column":37392},"end":{"line":201,"column":37397}},"loc":{"start":{"line":201,"column":37397},"end":{"line":201,"column":37438}}},"7":{"name":"oo_te","decl":{"start":{"line":201,"column":37454},"end":{"line":201,"column":37459}},"loc":{"start":{"line":201,"column":37459},"end":{"line":201,"column":37503}}}},"branchMap":{"0":{"loc":{"start":{"line":51,"column":6},"end":{"line":117,"column":null}},"type":"if","locations":[{"start":{"line":51,"column":6},"end":{"line":117,"column":null}},{"start":{"line":101,"column":13},"end":{"line":117,"column":null}}]},"1":{"loc":{"start":{"line":56,"column":8},"end":{"line":63,"column":null}},"type":"if","locations":[{"start":{"line":56,"column":8},"end":{"line":63,"column":null}}]},"2":{"loc":{"start":{"line":57,"column":10},"end":{"line":60,"column":null}},"type":"if","locations":[{"start":{"line":57,"column":10},"end":{"line":60,"column":null}}]},"3":{"loc":{"start":{"line":57,"column":14},"end":{"line":57,"column":44}},"type":"binary-expr","locations":[{"start":{"line":57,"column":14},"end":{"line":57,"column":20}},{"start":{"line":57,"column":24},"end":{"line":57,"column":44}}]},"4":{"loc":{"start":{"line":66,"column":8},"end":{"line":100,"column":null}},"type":"if","locations":[{"start":{"line":66,"column":8},"end":{"line":100,"column":null}},{"start":{"line":93,"column":15},"end":{"line":100,"column":null}}]},"5":{"loc":{"start":{"line":71,"column":10},"end":{"line":77,"column":null}},"type":"if","locations":[{"start":{"line":71,"column":10},"end":{"line":77,"column":null}}]},"6":{"loc":{"start":{"line":72,"column":12},"end":{"line":75,"column":null}},"type":"if","locations":[{"start":{"line":72,"column":12},"end":{"line":75,"column":null}}]},"7":{"loc":{"start":{"line":80,"column":10},"end":{"line":92,"column":null}},"type":"if","locations":[{"start":{"line":80,"column":10},"end":{"line":92,"column":null}},{"start":{"line":89,"column":17},"end":{"line":92,"column":null}}]},"8":{"loc":{"start":{"line":83,"column":12},"end":{"line":88,"column":null}},"type":"if","locations":[{"start":{"line":83,"column":12},"end":{"line":88,"column":null}},{"start":{"line":85,"column":19},"end":{"line":88,"column":null}}]},"9":{"loc":{"start":{"line":95,"column":10},"end":{"line":99,"column":null}},"type":"if","locations":[{"start":{"line":95,"column":10},"end":{"line":99,"column":null}},{"start":{"line":97,"column":17},"end":{"line":99,"column":null}}]},"10":{"loc":{"start":{"line":103,"column":8},"end":{"line":116,"column":null}},"type":"if","locations":[{"start":{"line":103,"column":8},"end":{"line":116,"column":null}},{"start":{"line":109,"column":15},"end":{"line":116,"column":null}}]},"11":{"loc":{"start":{"line":104,"column":10},"end":{"line":108,"column":null}},"type":"if","locations":[{"start":{"line":104,"column":10},"end":{"line":108,"column":null}},{"start":{"line":106,"column":17},"end":{"line":108,"column":null}}]},"12":{"loc":{"start":{"line":111,"column":10},"end":{"line":113,"column":null}},"type":"if","locations":[{"start":{"line":111,"column":10},"end":{"line":113,"column":null}}]},"13":{"loc":{"start":{"line":201,"column":49},"end":{"line":201,"column":37181}},"type":"binary-expr","locations":[{"start":{"line":201,"column":49},"end":{"line":201,"column":86}},{"start":{"line":201,"column":90},"end":{"line":201,"column":37181}}]}},"s":{"0":1,"1":14,"2":18,"3":18,"4":18,"5":18,"6":32,"7":32,"8":32,"9":8,"10":8,"11":8,"12":3,"13":3,"14":3,"15":0,"16":0,"17":5,"18":3,"19":4,"20":3,"21":0,"22":0,"23":0,"24":0,"25":3,"26":2,"27":1,"28":1,"29":1,"30":2,"31":2,"32":0,"33":24,"34":11,"35":3,"36":8,"37":13,"38":2,"39":13,"40":14,"41":14,"42":1,"43":1,"44":1,"45":1,"46":1,"47":14,"48":14,"49":14,"50":14,"51":14,"52":1,"53":0,"54":0,"55":0,"56":1,"57":0,"58":0,"59":1,"60":0,"61":0,"62":1},"f":{"0":14,"1":18,"2":4,"3":14,"4":14,"5":0,"6":0,"7":0},"b":{"0":[8,24],"1":[3],"2":[3],"3":[3,3],"4":[3,2],"5":[0],"6":[0],"7":[2,1],"8":[1,1],"9":[2,0],"10":[11,13],"11":[3,8],"12":[2],"13":[14,1]}}
}
