{"/home/merci4dev/myCode/Test/patchAndUpdateDocumentHandler/src/patch_and_update_document_handler.ts": {"path":"/home/merci4dev/myCode/Test/patchAndUpdateDocumentHandler/src/patch_and_update_document_handler.ts","statementMap":{"0":{"start":{"line":37,"column":45},"end":{"line":118,"column":1}},"1":{"start":{"line":39,"column":2},"end":{"line":114,"column":5}},"2":{"start":{"line":40,"column":17},"end":{"line":40,"column":31}},"3":{"start":{"line":43,"column":27},"end":{"line":43,"column":35}},"4":{"start":{"line":46,"column":4},"end":{"line":113,"column":null}},"5":{"start":{"line":46,"column":17},"end":{"line":46,"column":18}},"6":{"start":{"line":47,"column":21},"end":{"line":47,"column":42}},"7":{"start":{"line":48,"column":20},"end":{"line":48,"column":52}},"8":{"start":{"line":51,"column":6},"end":{"line":112,"column":null}},"9":{"start":{"line":52,"column":26},"end":{"line":52,"column":34}},"10":{"start":{"line":53,"column":23},"end":{"line":53,"column":31}},"11":{"start":{"line":56,"column":8},"end":{"line":58,"column":null}},"12":{"start":{"line":57,"column":10},"end":{"line":57,"column":38}},"13":{"start":{"line":61,"column":8},"end":{"line":69,"column":null}},"14":{"start":{"line":62,"column":10},"end":{"line":68,"column":null}},"15":{"start":{"line":63,"column":12},"end":{"line":63,"column":71}},"16":{"start":{"line":64,"column":12},"end":{"line":64,"column":19}},"17":{"start":{"line":66,"column":12},"end":{"line":66,"column":59}},"18":{"start":{"line":67,"column":12},"end":{"line":67,"column":19}},"19":{"start":{"line":72,"column":24},"end":{"line":72,"column":93}},"20":{"start":{"line":72,"column":72},"end":{"line":72,"column":92}},"21":{"start":{"line":75,"column":8},"end":{"line":95,"column":null}},"22":{"start":{"line":77,"column":10},"end":{"line":88,"column":null}},"23":{"start":{"line":78,"column":12},"end":{"line":78,"column":78}},"24":{"start":{"line":78,"column":34},"end":{"line":78,"column":78}},"25":{"start":{"line":81,"column":30},"end":{"line":81,"column":109}},"26":{"start":{"line":83,"column":12},"end":{"line":87,"column":null}},"27":{"start":{"line":84,"column":14},"end":{"line":84,"column":55}},"28":{"start":{"line":86,"column":14},"end":{"line":86,"column":62}},"29":{"start":{"line":90,"column":10},"end":{"line":93,"column":null}},"30":{"start":{"line":91,"column":12},"end":{"line":91,"column":57}},"31":{"start":{"line":92,"column":12},"end":{"line":92,"column":58}},"32":{"start":{"line":94,"column":10},"end":{"line":94,"column":58}},"33":{"start":{"line":98,"column":8},"end":{"line":111,"column":null}},"34":{"start":{"line":100,"column":10},"end":{"line":104,"column":null}},"35":{"start":{"line":101,"column":12},"end":{"line":101,"column":40}},"36":{"start":{"line":103,"column":12},"end":{"line":103,"column":47}},"37":{"start":{"line":107,"column":10},"end":{"line":109,"column":null}},"38":{"start":{"line":108,"column":12},"end":{"line":108,"column":38}},"39":{"start":{"line":110,"column":10},"end":{"line":110,"column":45}},"40":{"start":{"line":117,"column":2},"end":{"line":117,"column":18}},"41":{"start":{"line":37,"column":13},"end":{"line":37,"column":45}},"42":{"start":{"line":122,"column":37},"end":{"line":131,"column":2}},"43":{"start":{"line":133,"column":19},"end":{"line":141,"column":null}},"44":{"start":{"line":144,"column":39},"end":{"line":146,"column":2}},"45":{"start":{"line":150,"column":44},"end":{"line":152,"column":2}},"46":{"start":{"line":154,"column":36},"end":{"line":187,"column":2}}},"fnMap":{"0":{"name":"(anonymous_0)","decl":{"start":{"line":37,"column":45},"end":{"line":37,"column":46}},"loc":{"start":{"line":37,"column":102},"end":{"line":118,"column":1}}},"1":{"name":"(anonymous_1)","decl":{"start":{"line":39,"column":30},"end":{"line":39,"column":31}},"loc":{"start":{"line":39,"column":38},"end":{"line":114,"column":3}}},"2":{"name":"(anonymous_2)","decl":{"start":{"line":72,"column":57},"end":{"line":72,"column":58}},"loc":{"start":{"line":72,"column":72},"end":{"line":72,"column":92}}}},"branchMap":{"0":{"loc":{"start":{"line":51,"column":6},"end":{"line":112,"column":null}},"type":"if","locations":[{"start":{"line":51,"column":6},"end":{"line":112,"column":null}},{"start":{"line":96,"column":13},"end":{"line":112,"column":null}}]},"1":{"loc":{"start":{"line":56,"column":8},"end":{"line":58,"column":null}},"type":"if","locations":[{"start":{"line":56,"column":8},"end":{"line":58,"column":null}}]},"2":{"loc":{"start":{"line":56,"column":12},"end":{"line":56,"column":45}},"type":"binary-expr","locations":[{"start":{"line":56,"column":12},"end":{"line":56,"column":35}},{"start":{"line":56,"column":39},"end":{"line":56,"column":45}}]},"3":{"loc":{"start":{"line":61,"column":8},"end":{"line":69,"column":null}},"type":"if","locations":[{"start":{"line":61,"column":8},"end":{"line":69,"column":null}}]},"4":{"loc":{"start":{"line":62,"column":10},"end":{"line":68,"column":null}},"type":"if","locations":[{"start":{"line":62,"column":10},"end":{"line":68,"column":null}},{"start":{"line":65,"column":17},"end":{"line":68,"column":null}}]},"5":{"loc":{"start":{"line":72,"column":72},"end":{"line":72,"column":81}},"type":"cond-expr","locations":[{"start":{"line":72,"column":76},"end":{"line":72,"column":78}},{"start":{"line":72,"column":72},"end":{"line":72,"column":81}}]},"6":{"loc":{"start":{"line":72,"column":72},"end":{"line":72,"column":78}},"type":"binary-expr","locations":[{"start":{"line":72,"column":72},"end":{"line":72,"column":78}},{"start":{"line":72,"column":72},"end":{"line":72,"column":78}}]},"7":{"loc":{"start":{"line":75,"column":8},"end":{"line":95,"column":null}},"type":"if","locations":[{"start":{"line":75,"column":8},"end":{"line":95,"column":null}},{"start":{"line":89,"column":15},"end":{"line":95,"column":null}}]},"8":{"loc":{"start":{"line":77,"column":10},"end":{"line":88,"column":null}},"type":"if","locations":[{"start":{"line":77,"column":10},"end":{"line":88,"column":null}},{"start":{"line":79,"column":17},"end":{"line":88,"column":null}}]},"9":{"loc":{"start":{"line":78,"column":12},"end":{"line":78,"column":78}},"type":"if","locations":[{"start":{"line":78,"column":12},"end":{"line":78,"column":78}}]},"10":{"loc":{"start":{"line":81,"column":30},"end":{"line":81,"column":109}},"type":"cond-expr","locations":[{"start":{"line":81,"column":63},"end":{"line":81,"column":96}},{"start":{"line":81,"column":98},"end":{"line":81,"column":109}}]},"11":{"loc":{"start":{"line":83,"column":12},"end":{"line":87,"column":null}},"type":"if","locations":[{"start":{"line":83,"column":12},"end":{"line":87,"column":null}},{"start":{"line":85,"column":19},"end":{"line":87,"column":null}}]},"12":{"loc":{"start":{"line":90,"column":10},"end":{"line":93,"column":null}},"type":"if","locations":[{"start":{"line":90,"column":10},"end":{"line":93,"column":null}}]},"13":{"loc":{"start":{"line":98,"column":8},"end":{"line":111,"column":null}},"type":"if","locations":[{"start":{"line":98,"column":8},"end":{"line":111,"column":null}},{"start":{"line":105,"column":15},"end":{"line":111,"column":null}}]},"14":{"loc":{"start":{"line":100,"column":10},"end":{"line":104,"column":null}},"type":"if","locations":[{"start":{"line":100,"column":10},"end":{"line":104,"column":null}},{"start":{"line":102,"column":17},"end":{"line":104,"column":null}}]},"15":{"loc":{"start":{"line":107,"column":10},"end":{"line":109,"column":null}},"type":"if","locations":[{"start":{"line":107,"column":10},"end":{"line":109,"column":null}}]}},"s":{"0":1,"1":16,"2":20,"3":20,"4":20,"5":20,"6":33,"7":33,"8":33,"9":10,"10":10,"11":10,"12":4,"13":10,"14":1,"15":1,"16":1,"17":0,"18":0,"19":9,"20":6,"21":9,"22":8,"23":1,"24":1,"25":7,"26":7,"27":7,"28":0,"29":1,"30":0,"31":0,"32":1,"33":23,"34":11,"35":3,"36":8,"37":12,"38":2,"39":12,"40":16,"41":1,"42":1,"43":1,"44":1,"45":1,"46":1},"f":{"0":16,"1":20,"2":6},"b":{"0":[10,23],"1":[4],"2":[10,4],"3":[1],"4":[1,0],"5":[0,6],"6":[6,6],"7":[8,1],"8":[1,7],"9":[1],"10":[5,2],"11":[7,0],"12":[0],"13":[11,12],"14":[3,8],"15":[2]}}
}
