TN:
SF:src/patch_and_update_document_handler.ts
FN:37,(anonymous_0)
FN:39,(anonymous_1)
FN:68,(anonymous_2)
FN:201,oo_cm
FN:201,oo_oo
FN:201,oo_tr
FN:201,oo_ts
FN:201,oo_te
FNF:8
FNH:5
FNDA:14,(anonymous_0)
FNDA:18,(anonymous_1)
FNDA:4,(anonymous_2)
FNDA:14,oo_cm
FNDA:14,oo_oo
FNDA:0,oo_tr
FNDA:0,oo_ts
FNDA:0,oo_te
DA:37,1
DA:39,14
DA:40,18
DA:43,18
DA:46,18
DA:47,32
DA:48,32
DA:51,32
DA:52,8
DA:53,8
DA:56,8
DA:57,3
DA:58,3
DA:59,3
DA:61,0
DA:62,0
DA:66,5
DA:68,4
DA:71,3
DA:72,0
DA:73,0
DA:74,0
DA:76,0
DA:80,3
DA:83,2
DA:84,1
DA:87,1
DA:91,1
DA:95,2
DA:96,2
DA:98,0
DA:103,24
DA:104,11
DA:105,3
DA:107,8
DA:111,13
DA:112,2
DA:115,13
DA:121,14
DA:123,14
DA:127,1
DA:138,1
DA:156,1
DA:192,1
DA:201,14
LF:45
LH:38
BRDA:51,0,0,8
BRDA:51,0,1,24
BRDA:56,1,0,3
BRDA:57,2,0,3
BRDA:57,3,0,3
BRDA:57,3,1,3
BRDA:66,4,0,3
BRDA:66,4,1,2
BRDA:71,5,0,0
BRDA:72,6,0,0
BRDA:80,7,0,2
BRDA:80,7,1,1
BRDA:83,8,0,1
BRDA:83,8,1,1
BRDA:95,9,0,2
BRDA:95,9,1,0
BRDA:103,10,0,11
BRDA:103,10,1,13
BRDA:104,11,0,3
BRDA:104,11,1,8
BRDA:111,12,0,2
BRDA:201,13,0,14
BRDA:201,13,1,1
BRF:23
BRH:20
end_of_record
