TN:
SF:src/patch_and_update_document_handler.ts
FN:36,(anonymous_0)
FN:37,(anonymous_1)
FN:61,(anonymous_2)
FNF:3
FNH:3
FNDA:15,(anonymous_0)
FNDA:19,(anonymous_1)
FNDA:5,(anonymous_2)
DA:36,1
DA:37,15
DA:38,19
DA:41,19
DA:43,19
DA:44,34
DA:45,34
DA:47,34
DA:48,9
DA:49,9
DA:51,9
DA:52,3
DA:53,3
DA:54,3
DA:56,0
DA:57,0
DA:60,6
DA:61,5
DA:62,4
DA:63,0
DA:64,0
DA:65,0
DA:67,0
DA:70,4
DA:71,3
DA:72,1
DA:74,2
DA:77,1
DA:80,2
DA:81,2
DA:83,0
DA:87,25
DA:88,11
DA:89,3
DA:91,8
DA:94,14
DA:95,2
DA:97,14
DA:105,15
DA:109,1
DA:120,1
DA:139,1
DA:175,1
LF:43
LH:36
BRDA:47,0,0,9
BRDA:47,0,1,25
BRDA:51,1,0,3
BRDA:52,2,0,3
BRDA:52,3,0,3
BRDA:52,3,1,3
BRDA:60,4,0,4
BRDA:60,4,1,2
BRDA:62,5,0,0
BRDA:63,6,0,0
BRDA:70,7,0,3
BRDA:70,7,1,1
BRDA:71,8,0,1
BRDA:71,8,1,2
BRDA:80,9,0,2
BRDA:80,9,1,0
BRDA:87,10,0,11
BRDA:87,10,1,14
BRDA:88,11,0,3
BRDA:88,11,1,8
BRDA:94,12,0,2
BRF:21
BRH:18
end_of_record
